<?xml version="1.0" encoding="utf-8"?>
<beans xmlns="http://www.springframework.org/schema/beans"
	xmlns:xsi="http://www.w3.org/2001/XMLSchema-instance" 
	xmlns:p="http://www.springframework.org/schema/p" 
	xmlns:aop="http://www.springframework.org/schema/aop" xmlns:tx="http://www.springframework.org/schema/tx"
	xmlns:jee="http://www.springframework.org/schema/jee"
	xmlns:util="http://www.springframework.org/schema/util"
	xmlns:context="http://www.springframework.org/schema/context"
	xmlns:oxm="http://www.springframework.org/schema/oxm"
	xsi:schemaLocation="
            http://www.springframework.org/schema/beans http://www.springframework.org/schema/beans/spring-beans-3.0.xsd
            http://www.springframework.org/schema/aop http://www.springframework.org/schema/aop/spring-aop-3.0.xsd
            http://www.springframework.org/schema/tx http://www.springframework.org/schema/tx/spring-tx-3.0.xsd
            http://www.springframework.org/schema/jee http://www.springframework.org/schema/jee/spring-jee-3.0.xsd
            http://www.springframework.org/schema/util http://www.springframework.org/schema/util/spring-util-3.0.xsd
            http://www.springframework.org/schema/context http://www.springframework.org/schema/context/spring-context-3.0.xsd
            http://www.springframework.org/schema/oxm http://www.springframework.org/schema/oxm/spring-oxm-3.0.xsd">

	<!-- ======================== Resources ========================== -->
	<import resource="classpath*:/META-INF/spring/test-cep-repositories.xml"/>
	<import resource="classpath*:/META-INF/spring/test-cep-persistance.xml"/>
	<import resource="classpath*:/META-INF/spring/test-cep-monitoring.xml"/>
	
	<!-- ======================== Properties ========================= -->
	<bean class="org.springframework.beans.factory.config.PropertyPlaceholderConfigurer">
		<property name="locations">
			<util:list>
				<value>classpath:test-cep.properties</value>
			</util:list>
		</property>
	</bean>
	
	<context:component-scan base-package="com.nebulent.cep" />
	
	<oxm:jaxb2-marshaller id="marshaller" contextPath="nebulent.schema.software.cep.events._1:nebulent.schema.software.cep.types._1:nebulent.schema.software.cep.metadata._1" />
	
	<!-- Freemarker context, shared between several utilities in project. -->
	<bean id="stringTemplateLoader" class="freemarker.cache.StringTemplateLoader" />
	<bean id="freemarkerConfiguration" class="freemarker.template.Configuration">
		<property name="templateLoader" ref="stringTemplateLoader"/>
	</bean>
</beans>